
***** MOVIES *****

Movie name: The Maze Runner
Description: Set in a post-apocalyptic world, young Thomas is deposited in a community of boys after his memory is erased, soon learning they're all trapped in a maze that will require him to join forces with fellow “runners” for a shot at escape.
Release date: 2014-09-10
Poster url: http://image.tmdb.org/t/p/w185/coss7RgL0NH6g4fC2s5atvf3dFO.jpg
Topics: ['Action', 'Mystery', 'Science Fiction', 'Thriller']
Similar books: ["The Penguin's Crime Wave"]
Similar songs: ['Baby Blue (feat. Chance the Rapper)']

Movie name: Minions
Description: Minions Stuart, Kevin and Bob are recruited by Scarlet Overkill, a super-villain who, alongside her inventor husband Herb, hatches a plot to take over the world.
Release date: 2015-06-17
Poster url: http://image.tmdb.org/t/p/w185/q0R4crx2SehcEEQEkYObktdeFy.jpg
Topics: ['Family', 'Animation', 'Adventure', 'Comedy']
Similar books: ['I Only Say This Because I Love You']
Similar songs: ['Drive My Car - Remastered']

Movie name: Jumanji
Description: When siblings Judy and Peter discover an enchanted board game that opens the door to a magical world, they unwittingly invite Alan -- an adult who's been trapped inside the game for 26 years -- into their living room. Alan's only hope for freedom is to finish the game, which proves risky as all three find themselves running from giant rhinoceroses, evil monkeys and other terrifying creatures.
Release date: 1995-12-15
Poster url: http://image.tmdb.org/t/p/w185/8wBKXZNod4frLZjAKSDuAcQ2dEU.jpg
Topics: ['Adventure', 'Fantasy', 'Family']
Similar books: ['You Choose 2: Mayhem at Magic School']
Similar songs: ['Synergy']

***** BOOKS *****

Book name: The Penguin's Crime Wave
Description: The Penguin hijacks a luxury yacht with his penguin-shaped submarine and it is up to Batman to stop him and rescue the passengers and crew.
Release date: 2013-01-01
Topics: ['Action', 'Juvenile Fiction']
Similar movies: ['The Maze Runner']
Similar songs: ['Baby Blue (feat. Chance the Rapper)']

Book name: I Only Say This Because I Love You
Description: A guide to communicating better within families explains how to untie the knots that often hamper important discussions and how to enhance personal relationships among family members by understanding the art of conversation and listening.
Release date: 2002
Topics: ['Family', 'Family & Relationships']
Similar movies: ['Minions']
Similar songs: ['Drive My Car - Remastered']

Book name: You Choose 2: Mayhem at Magic School
Description: Abrand-new series of interactive novels for the highly adventurous. Read if you dare! Mistakes will cost you dearly! YOU CHOOSE...Supreme ruler of the world or misfortune for life! You are an ordinary kid... or so you think. Strange things start to happen. You make a rabbit appear from underneath your teacher's hat. Then you dream about a mystical diamond and a mysterious old woman with long white hair... It turns out you have magical powers. Do you try to keep your talents hidden or do you go off to Magic School?
Release date: 2014
Topics: ['Adventure', 'Juvenile Fiction']
Similar movies: ['Jumanji']
Similar songs: ['Synergy']

***** SONGS *****

Song name: Baby Blue (feat. Chance the Rapper)
Artists: ['Action Bronson', 'Chance The Rapper']
Album: Mr. Wonderful
Release date: 2015-03-23
Topics: ['Action']
Similar movies: ['The Maze Runner']
Similar books: ["The Penguin's Crime Wave"]

Song name: Drive My Car - Remastered
Artists: ['The Beatles']
Album: Rubber Soul (Remastered)
Release date: 1965-12-03
Topics: ['Family']
Similar movies: ['Minions']
Similar books: ['I Only Say This Because I Love You']

Song name: Synergy
Artists: ['Haywyre']
Album: Monstercat 014 - Discovery
Release date: 2013-09-02
Topics: ['Adventure']
Similar movies: ['Jumanji']
Similar books: ['You Choose 2: Mayhem at Magic School']

